Building DAG of jobs...
Using shell: /usr/local/bin/bash
Provided cluster nodes: 100
Job stats:
job                         count
------------------------  -------
all                             1
calculate_b_estimate_MAD        4
count_alleles                   4
cram_to_bam                     4
estimate_weights                4
get_region_list                 1
merge_lanes                     4
remove_dups_sort_bam            4
subset_and_index_bam            4
total                          30

Select jobs to execute...

[Sun Nov 10 01:15:04 2024]
Job 4: Getting region list for bam-readcount.
Reason: Missing output files: ../../../data/genotypes/pool17/pool17_genotype.txt

Submitted job 4 with external jobid 'Job <890232> is submitted to queue <normal>.'.

[Sun Nov 10 01:15:04 2024]
Job 22: Cram to bam.
Reason: Missing output files: ../../../data/bams/pool17/P17_D0_iPSC_220923_L001.bam, ../../../data/bams/pool17/P17_D0_iPSC_220923_L002.bam

Submitted job 22 with external jobid 'Job <890233> is submitted to queue <normal>.'.

[Sun Nov 10 01:15:04 2024]
Job 8: Cram to bam.
Reason: Missing output files: ../../../data/bams/pool17/P17_D39_PreMac_101123_L002.bam, ../../../data/bams/pool17/P17_D39_PreMac_101123_L001.bam

Submitted job 8 with external jobid 'Job <890236> is submitted to queue <normal>.'.

[Sun Nov 10 01:15:05 2024]
Job 29: Cram to bam.
Reason: Missing output files: ../../../data/bams/pool17/P17_D46_PreMac_131123_L001.bam, ../../../data/bams/pool17/P17_D46_PreMac_131123_L002.bam

Submitted job 29 with external jobid 'Job <890238> is submitted to queue <normal>.'.

[Sun Nov 10 01:15:05 2024]
Job 15: Cram to bam.
Reason: Missing output files: ../../../data/bams/pool17/P17_D36_PreMac_031123_L001.bam, ../../../data/bams/pool17/P17_D36_PreMac_031123_L002.bam

Submitted job 15 with external jobid 'Job <890240> is submitted to queue <normal>.'.
[Sun Nov 10 01:15:24 2024]
Error in rule cram_to_bam:
    jobid: 22
    input: ../../../data/crams/pool17/P17_D0_iPSC_220923_L001.cram, ../../../data/crams/pool17/P17_D0_iPSC_220923_L002.cram
    output: ../../../data/bams/pool17/P17_D0_iPSC_220923_L001.bam, ../../../data/bams/pool17/P17_D0_iPSC_220923_L002.bam
    shell:
        
		set +o pipefail;
		mkdir -p ../../../data/bams
		samtools view -bh -q 40 -T /lustre/scratch125/core/sciops_repository/references/Homo_sapiens/GRCh38_15_plus_hs38d1/all/fasta/Homo_sapiens.GRCh38_15_plus_hs38d1.fa -o ../../../data/bams/pool17/P17_D0_iPSC_220923_L001.bam ../../../data/crams/pool17/P17_D0_iPSC_220923_L001.cram
		samtools view -bh -q 40 -T /lustre/scratch125/core/sciops_repository/references/Homo_sapiens/GRCh38_15_plus_hs38d1/all/fasta/Homo_sapiens.GRCh38_15_plus_hs38d1.fa -o ../../../data/bams/pool17/P17_D0_iPSC_220923_L002.bam ../../../data/crams/pool17/P17_D0_iPSC_220923_L002.cram

		
        (one of the commands exited with non-zero exit code; note that snakemake uses bash strict mode!)
    cluster_jobid: Job <890233> is submitted to queue <normal>.

Error executing rule cram_to_bam on cluster (jobid: 22, external: Job <890233> is submitted to queue <normal>., jobscript: /lustre/scratch123/hgi/mdt1/projects/otar2065/OTAR2065_WGS_iPSC_premac_micro/code/OTAR2065_WGS_iPSC_premac_micro/pool17/.snakemake/tmp.5w3khd2j/snakejob.cram_to_bam.22.sh). For error details see the cluster log and the log files of the involved rule(s).
[Sun Nov 10 01:15:24 2024]
Error in rule cram_to_bam:
    jobid: 8
    input: ../../../data/crams/pool17/P17_D39_PreMac_101123_L001.cram, ../../../data/crams/pool17/P17_D39_PreMac_101123_L002.cram
    output: ../../../data/bams/pool17/P17_D39_PreMac_101123_L001.bam, ../../../data/bams/pool17/P17_D39_PreMac_101123_L002.bam
    shell:
        
		set +o pipefail;
		mkdir -p ../../../data/bams
		samtools view -bh -q 40 -T /lustre/scratch125/core/sciops_repository/references/Homo_sapiens/GRCh38_15_plus_hs38d1/all/fasta/Homo_sapiens.GRCh38_15_plus_hs38d1.fa -o ../../../data/bams/pool17/P17_D39_PreMac_101123_L001.bam ../../../data/crams/pool17/P17_D39_PreMac_101123_L001.cram
		samtools view -bh -q 40 -T /lustre/scratch125/core/sciops_repository/references/Homo_sapiens/GRCh38_15_plus_hs38d1/all/fasta/Homo_sapiens.GRCh38_15_plus_hs38d1.fa -o ../../../data/bams/pool17/P17_D39_PreMac_101123_L002.bam ../../../data/crams/pool17/P17_D39_PreMac_101123_L002.cram

		
        (one of the commands exited with non-zero exit code; note that snakemake uses bash strict mode!)
    cluster_jobid: Job <890236> is submitted to queue <normal>.

Error executing rule cram_to_bam on cluster (jobid: 8, external: Job <890236> is submitted to queue <normal>., jobscript: /lustre/scratch123/hgi/mdt1/projects/otar2065/OTAR2065_WGS_iPSC_premac_micro/code/OTAR2065_WGS_iPSC_premac_micro/pool17/.snakemake/tmp.5w3khd2j/snakejob.cram_to_bam.8.sh). For error details see the cluster log and the log files of the involved rule(s).
[Sun Nov 10 01:15:24 2024]
Error in rule cram_to_bam:
    jobid: 29
    input: ../../../data/crams/pool17/P17_D46_PreMac_131123_L001.cram, ../../../data/crams/pool17/P17_D46_PreMac_131123_L002.cram
    output: ../../../data/bams/pool17/P17_D46_PreMac_131123_L001.bam, ../../../data/bams/pool17/P17_D46_PreMac_131123_L002.bam
    shell:
        
		set +o pipefail;
		mkdir -p ../../../data/bams
		samtools view -bh -q 40 -T /lustre/scratch125/core/sciops_repository/references/Homo_sapiens/GRCh38_15_plus_hs38d1/all/fasta/Homo_sapiens.GRCh38_15_plus_hs38d1.fa -o ../../../data/bams/pool17/P17_D46_PreMac_131123_L001.bam ../../../data/crams/pool17/P17_D46_PreMac_131123_L001.cram
		samtools view -bh -q 40 -T /lustre/scratch125/core/sciops_repository/references/Homo_sapiens/GRCh38_15_plus_hs38d1/all/fasta/Homo_sapiens.GRCh38_15_plus_hs38d1.fa -o ../../../data/bams/pool17/P17_D46_PreMac_131123_L002.bam ../../../data/crams/pool17/P17_D46_PreMac_131123_L002.cram

		
        (one of the commands exited with non-zero exit code; note that snakemake uses bash strict mode!)
    cluster_jobid: Job <890238> is submitted to queue <normal>.

Error executing rule cram_to_bam on cluster (jobid: 29, external: Job <890238> is submitted to queue <normal>., jobscript: /lustre/scratch123/hgi/mdt1/projects/otar2065/OTAR2065_WGS_iPSC_premac_micro/code/OTAR2065_WGS_iPSC_premac_micro/pool17/.snakemake/tmp.5w3khd2j/snakejob.cram_to_bam.29.sh). For error details see the cluster log and the log files of the involved rule(s).
[Sun Nov 10 01:15:24 2024]
Error in rule cram_to_bam:
    jobid: 15
    input: ../../../data/crams/pool17/P17_D36_PreMac_031123_L001.cram, ../../../data/crams/pool17/P17_D36_PreMac_031123_L002.cram
    output: ../../../data/bams/pool17/P17_D36_PreMac_031123_L001.bam, ../../../data/bams/pool17/P17_D36_PreMac_031123_L002.bam
    shell:
        
		set +o pipefail;
		mkdir -p ../../../data/bams
		samtools view -bh -q 40 -T /lustre/scratch125/core/sciops_repository/references/Homo_sapiens/GRCh38_15_plus_hs38d1/all/fasta/Homo_sapiens.GRCh38_15_plus_hs38d1.fa -o ../../../data/bams/pool17/P17_D36_PreMac_031123_L001.bam ../../../data/crams/pool17/P17_D36_PreMac_031123_L001.cram
		samtools view -bh -q 40 -T /lustre/scratch125/core/sciops_repository/references/Homo_sapiens/GRCh38_15_plus_hs38d1/all/fasta/Homo_sapiens.GRCh38_15_plus_hs38d1.fa -o ../../../data/bams/pool17/P17_D36_PreMac_031123_L002.bam ../../../data/crams/pool17/P17_D36_PreMac_031123_L002.cram

		
        (one of the commands exited with non-zero exit code; note that snakemake uses bash strict mode!)
    cluster_jobid: Job <890240> is submitted to queue <normal>.

Error executing rule cram_to_bam on cluster (jobid: 15, external: Job <890240> is submitted to queue <normal>., jobscript: /lustre/scratch123/hgi/mdt1/projects/otar2065/OTAR2065_WGS_iPSC_premac_micro/code/OTAR2065_WGS_iPSC_premac_micro/pool17/.snakemake/tmp.5w3khd2j/snakejob.cram_to_bam.15.sh). For error details see the cluster log and the log files of the involved rule(s).
Terminating processes on user request, this might take some time.
No --cluster-cancel given. Will exit after finishing currently running jobs.
Cancelling snakemake on user request.
