Building DAG of jobs...
Using shell: /usr/local/bin/bash
Provided cluster nodes: 100
Job stats:
job                         count
------------------------  -------
all                             1
calculate_b_estimate_MAD        4
count_alleles                   4
estimate_weights                4
total                          13

Select jobs to execute...

[Sun Nov 10 23:00:44 2024]
Job 3: Counting alleles with bam-readcount.
Reason: Missing output files: ../../../data/bam-readcount/pool17/P17_D39_PreMac_101123_bam-readcount.txt.gz

Submitted job 3 with external jobid 'Job <910815> is submitted to queue <long>.'.

[Sun Nov 10 23:00:44 2024]
Job 18: Counting alleles with bam-readcount.
Reason: Missing output files: ../../../data/bam-readcount/pool17/P17_D0_iPSC_220923_bam-readcount.txt.gz

Submitted job 18 with external jobid 'Job <910816> is submitted to queue <long>.'.

[Sun Nov 10 23:00:44 2024]
Job 11: Counting alleles with bam-readcount.
Reason: Missing output files: ../../../data/bam-readcount/pool17/P17_D36_PreMac_031123_bam-readcount.txt.gz

Submitted job 11 with external jobid 'Job <910817> is submitted to queue <long>.'.

[Sun Nov 10 23:00:45 2024]
Job 25: Counting alleles with bam-readcount.
Reason: Params have changed since last execution

Submitted job 25 with external jobid 'Job <910818> is submitted to queue <long>.'.
[Mon Nov 11 10:26:31 2024]
Finished job 25.
1 of 13 steps (8%) done
Select jobs to execute...

[Mon Nov 11 10:26:31 2024]
Job 24: Transforming bam-readcount output to MAF estimate (b_estimate) and VCF to minor allele dosage.
Reason: Input files updated by another job: ../../../data/bam-readcount/pool17/P17_D46_PreMac_131123_bam-readcount.txt.gz

Submitted job 24 with external jobid 'Job <919870> is submitted to queue <normal>.'.
[Mon Nov 11 11:24:55 2024]
Finished job 24.
2 of 13 steps (15%) done
Select jobs to execute...

[Mon Nov 11 11:24:55 2024]
Job 23: Estimate proportion (weights) of donors.
Reason: Input files updated by another job: ../../../data/genotypes/pool17/P17_D46_PreMac_131123_genotype_minor_allele_dosage.csv, ../../../data/b/pool17/P17_D46_PreMac_131123_b_estimate.csv

Submitted job 23 with external jobid 'Job <926770> is submitted to queue <normal>.'.
[Mon Nov 11 11:30:36 2024]
Finished job 23.
3 of 13 steps (23%) done
[Mon Nov 11 20:23:18 2024]
Finished job 3.
4 of 13 steps (31%) done
Select jobs to execute...

[Mon Nov 11 20:23:18 2024]
Job 2: Transforming bam-readcount output to MAF estimate (b_estimate) and VCF to minor allele dosage.
Reason: Missing output files: ../../../data/b/pool17/P17_D39_PreMac_101123_b_estimate.csv, ../../../data/genotypes/pool17/P17_D39_PreMac_101123_genotype_minor_allele_dosage.csv; Input files updated by another job: ../../../data/bam-readcount/pool17/P17_D39_PreMac_101123_bam-readcount.txt.gz

Submitted job 2 with external jobid 'Job <33286> is submitted to queue <normal>.'.
[Mon Nov 11 21:33:22 2024]
Finished job 2.
5 of 13 steps (38%) done
Select jobs to execute...

[Mon Nov 11 21:33:22 2024]
Job 1: Estimate proportion (weights) of donors.
Reason: Missing output files: ../../../data/w/pool17/P17_D39_PreMac_101123_w_estimate.txt; Input files updated by another job: ../../../data/b/pool17/P17_D39_PreMac_101123_b_estimate.csv, ../../../data/genotypes/pool17/P17_D39_PreMac_101123_genotype_minor_allele_dosage.csv

Submitted job 1 with external jobid 'Job <43598> is submitted to queue <normal>.'.
[Mon Nov 11 21:35:42 2024]
Finished job 1.
6 of 13 steps (46%) done
[Mon Nov 11 22:03:14 2024]
Finished job 11.
7 of 13 steps (54%) done
Select jobs to execute...

[Mon Nov 11 22:03:14 2024]
Job 10: Transforming bam-readcount output to MAF estimate (b_estimate) and VCF to minor allele dosage.
Reason: Missing output files: ../../../data/genotypes/pool17/P17_D36_PreMac_031123_genotype_minor_allele_dosage.csv, ../../../data/b/pool17/P17_D36_PreMac_031123_b_estimate.csv; Input files updated by another job: ../../../data/bam-readcount/pool17/P17_D36_PreMac_031123_bam-readcount.txt.gz

Submitted job 10 with external jobid 'Job <48514> is submitted to queue <normal>.'.
[Mon Nov 11 22:08:24 2024]
Finished job 18.
8 of 13 steps (62%) done
Select jobs to execute...

[Mon Nov 11 22:08:24 2024]
Job 17: Transforming bam-readcount output to MAF estimate (b_estimate) and VCF to minor allele dosage.
Reason: Missing output files: ../../../data/genotypes/pool17/P17_D0_iPSC_220923_genotype_minor_allele_dosage.csv, ../../../data/b/pool17/P17_D0_iPSC_220923_b_estimate.csv; Input files updated by another job: ../../../data/bam-readcount/pool17/P17_D0_iPSC_220923_bam-readcount.txt.gz

Submitted job 17 with external jobid 'Job <49371> is submitted to queue <normal>.'.
[Mon Nov 11 22:49:46 2024]
Finished job 10.
9 of 13 steps (69%) done
Select jobs to execute...

[Mon Nov 11 22:49:46 2024]
Job 9: Estimate proportion (weights) of donors.
Reason: Missing output files: ../../../data/w/pool17/P17_D36_PreMac_031123_w_estimate.txt; Input files updated by another job: ../../../data/genotypes/pool17/P17_D36_PreMac_031123_genotype_minor_allele_dosage.csv, ../../../data/b/pool17/P17_D36_PreMac_031123_b_estimate.csv

Submitted job 9 with external jobid 'Job <55496> is submitted to queue <normal>.'.
[Mon Nov 11 22:52:36 2024]
Finished job 9.
10 of 13 steps (77%) done
[Mon Nov 11 23:05:07 2024]
Finished job 17.
11 of 13 steps (85%) done
Select jobs to execute...

[Mon Nov 11 23:05:07 2024]
Job 16: Estimate proportion (weights) of donors.
Reason: Missing output files: ../../../data/w/pool17/P17_D0_iPSC_220923_w_estimate.txt; Input files updated by another job: ../../../data/genotypes/pool17/P17_D0_iPSC_220923_genotype_minor_allele_dosage.csv, ../../../data/b/pool17/P17_D0_iPSC_220923_b_estimate.csv

Submitted job 16 with external jobid 'Job <57795> is submitted to queue <normal>.'.
[Mon Nov 11 23:08:47 2024]
Finished job 16.
12 of 13 steps (92%) done
Select jobs to execute...

[Mon Nov 11 23:08:47 2024]
localrule all:
    input: ../../../data/w/pool17/P17_D39_PreMac_101123_w_estimate.txt, ../../../data/w/pool17/P17_D36_PreMac_031123_w_estimate.txt, ../../../data/w/pool17/P17_D0_iPSC_220923_w_estimate.txt, ../../../data/w/pool17/P17_D46_PreMac_131123_w_estimate.txt
    jobid: 0
    reason: Input files updated by another job: ../../../data/w/pool17/P17_D39_PreMac_101123_w_estimate.txt, ../../../data/w/pool17/P17_D36_PreMac_031123_w_estimate.txt, ../../../data/w/pool17/P17_D0_iPSC_220923_w_estimate.txt, ../../../data/w/pool17/P17_D46_PreMac_131123_w_estimate.txt
    resources: mem_mb=1000, mem_mib=954, disk_mb=1000, disk_mib=954, tmpdir=/tmp

[Mon Nov 11 23:08:47 2024]
Finished job 0.
13 of 13 steps (100%) done
Complete log: .snakemake/log/2024-11-10T230042.404894.snakemake.log
