Building DAG of jobs...
Using shell: /usr/local/bin/bash
Provided cluster nodes: 100
Job counts:
	count	jobs
	1	all
	1	merge_hipsci_ipmar
	2

[Fri Dec 22 17:18:39 2023]
Job 1: Concatenating sample genotype files present in the metadata file needed for next step. Run with snakemake --jobs 3 --cluster [comma] bsub -G teamtrynka -q normal -n 32 -M100000 -R'span[hosts=1] select[mem>100000] rusage[mem=100000]' -o ../../logs/log_pool_15_merge_new_old.%J.%I -e ../../errors/error_pool_15_merge_new_old.%J.%I [comma]

Submitted job 1 with external jobid 'Job <42450244> is submitted to queue <normal>.'.
[Fri Dec 22 18:01:12 2023]
Finished job 1.
1 of 2 steps (50%) done

[Fri Dec 22 18:01:12 2023]
localrule all:
    input: ../../data/pool_15/pool_15.merged.genotype.hg38.vcf.gz
    jobid: 0

[Fri Dec 22 18:01:12 2023]
Finished job 0.
2 of 2 steps (100%) done
Complete log: /lustre/scratch123/hgi/mdt1/projects/otar2065/hipsci_genotype_processing/code/pool15/.snakemake/log/2023-12-22T171839.675515.snakemake.log
