Building DAG of jobs...
Using shell: /usr/local/bin/bash
Provided cluster nodes: 100
Job counts:
	count	jobs
	1	all
	1	subset_donors_vcf_ipmar
	1	subset_ipmar_pool_14
	3

[Thu Dec 21 19:35:10 2023]
Job 2: Extracting donors present in the pools.

Submitted job 2 with external jobid 'Job <42341017> is submitted to queue <normal>.'.
[Thu Dec 21 19:35:20 2023]
Finished job 2.
1 of 3 steps (33%) done

[Thu Dec 21 19:35:20 2023]
Job 1: Subsetting donors present in the metadata file per chromosome, before merging.

Submitted job 1 with external jobid 'Job <42341020> is submitted to queue <normal>.'.
[Thu Dec 21 19:52:41 2023]
Finished job 1.
2 of 3 steps (67%) done

[Thu Dec 21 19:52:41 2023]
localrule all:
    input: ../../data/pool_15/pool_15_ipmar.genotype.hg38.vcf.gz
    jobid: 0

[Thu Dec 21 19:52:41 2023]
Finished job 0.
3 of 3 steps (100%) done
Complete log: /lustre/scratch123/hgi/mdt1/projects/otar2065/hipsci_genotype_processing/code/pool15/.snakemake/log/2023-12-21T193510.382381.snakemake.log
