Building DAG of jobs...
Using shell: /usr/local/bin/bash
Provided cluster nodes: 100
Job counts:
	count	jobs
	1	all
	22	subset_donors_vcf_hipsci
	1	subset_hipsci_pool_14
	24

[Tue Dec  5 15:55:56 2023]
Job 25: Extracting donors present in the pools. Run with snakemake --jobs 100 --cluster [comma] bsub -G teamtrynka -q normal -n 2 -M10000 -R'span[hosts=1] select[mem>10000] rusage[mem=10000]' -o ../../logs/log_pool_donor_ids.%J.%I -e ../../errors/error_pool_donor_ids.%J.%I [comma]

Submitted job 25 with external jobid 'Job <40467438> is submitted to queue <normal>.'.
[Tue Dec  5 15:56:26 2023]
Error in rule subset_hipsci_pool_14:
    jobid: 25
    output: ../../data/pool_15/pool_15_hipsci.highqual_donorIds.txt
    shell:
        
        echo "Subsetting file names to merge, from all hipsci files available looking at the metadata IDs"
        detectedDonors="../../data/pool_15/pool_15_hipsci.highqual_donorNames.txt"
        cat ../../data/sampleMetadata.txt | grep -w pool_15_hipsci.highqual | awk '{print $3}' | tr ';' '
' > $detectedDonors
        while read ptn; do grep -w $ptn ../../data/donor_id_match.txt | awk '{print $2}' | tr ';' '
' ; done < $detectedDonors > ../../data/pool_15/pool_15_hipsci.highqual_donorIds.txt
        
        
        (exited with non-zero exit code)
    cluster_jobid: Job <40467438> is submitted to queue <normal>.

Error executing rule subset_hipsci_pool_14 on cluster (jobid: 25, external: Job <40467438> is submitted to queue <normal>., jobscript: /lustre/scratch123/hgi/mdt1/projects/otar2065/hipsci_genotype_processing/code/pool15/.snakemake/tmp.tnpfsd5w/snakejob.subset_hipsci_pool_14.25.sh). For error details see the cluster log and the log files of the involved rule(s).
Shutting down, this might take some time.
Exiting because a job execution failed. Look above for error message
Complete log: /lustre/scratch123/hgi/mdt1/projects/otar2065/hipsci_genotype_processing/code/pool15/.snakemake/log/2023-12-05T155556.069003.snakemake.log
