Building DAG of jobs...
Using shell: /usr/local/bin/bash
Provided cluster nodes: 100
Job counts:
	count	jobs
	1	all
	4	calculate_b_estimate_MAD
	4	count_alleles
	4	cram_to_bam
	4	estimate_weights
	1	get_region_list
	4	merge_lanes
	4	remove_dups_sort_bam
	4	subset_and_index_bam
	30

[Sat Dec 23 19:15:05 2023]
Job 27: Cram to bam.

Submitted job 27 with external jobid 'Job <42584268> is submitted to queue <normal>.'.

[Sat Dec 23 19:15:06 2023]
Job 28: Cram to bam.

Submitted job 28 with external jobid 'Job <42584272> is submitted to queue <normal>.'.

[Sat Dec 23 19:15:06 2023]
Job 13: Getting region list for bam-readcount.

Submitted job 13 with external jobid 'Job <42584278> is submitted to queue <normal>.'.

[Sat Dec 23 19:15:06 2023]
Job 29: Cram to bam.

Submitted job 29 with external jobid 'Job <42584284> is submitted to queue <normal>.'.

[Sat Dec 23 19:15:07 2023]
Job 26: Cram to bam.

Submitted job 26 with external jobid 'Job <42584292> is submitted to queue <normal>.'.
[Sat Dec 23 19:22:06 2023]
Finished job 13.
1 of 30 steps (3%) done
[Sat Dec 23 19:29:16 2023]
Finished job 28.
2 of 30 steps (7%) done

[Sat Dec 23 19:29:16 2023]
Job 24: Merging lanes.

Submitted job 24 with external jobid 'Job <42592634> is submitted to queue <normal>.'.
[Sat Dec 23 19:29:56 2023]
Finished job 26.
3 of 30 steps (10%) done

[Sat Dec 23 19:29:56 2023]
Job 22: Merging lanes.

Submitted job 22 with external jobid 'Job <42592983> is submitted to queue <normal>.'.
[Sat Dec 23 19:31:26 2023]
Finished job 27.
4 of 30 steps (13%) done

[Sat Dec 23 19:31:26 2023]
Job 23: Merging lanes.

Submitted job 23 with external jobid 'Job <42593756> is submitted to queue <normal>.'.
[Sat Dec 23 19:32:37 2023]
Finished job 29.
5 of 30 steps (17%) done

[Sat Dec 23 19:32:37 2023]
Job 25: Merging lanes.

Submitted job 25 with external jobid 'Job <42594352> is submitted to queue <normal>.'.
[Sat Dec 23 19:36:17 2023]
Finished job 24.
6 of 30 steps (20%) done

[Sat Dec 23 19:36:17 2023]
Job 20: Indexing bams.

Submitted job 20 with external jobid 'Job <42596215> is submitted to queue <normal>.'.
[Sat Dec 23 19:39:07 2023]
Finished job 23.
7 of 30 steps (23%) done

[Sat Dec 23 19:39:07 2023]
Job 19: Indexing bams.

Submitted job 19 with external jobid 'Job <42597657> is submitted to queue <normal>.'.
[Sat Dec 23 19:39:27 2023]
Finished job 25.
8 of 30 steps (27%) done

[Sat Dec 23 19:39:27 2023]
Job 21: Indexing bams.

Submitted job 21 with external jobid 'Job <42597704> is submitted to queue <normal>.'.
[Sat Dec 23 19:42:07 2023]
Finished job 22.
9 of 30 steps (30%) done

[Sat Dec 23 19:42:07 2023]
Job 18: Indexing bams.

Submitted job 18 with external jobid 'Job <42598783> is submitted to queue <normal>.'.
[Sat Dec 23 19:57:58 2023]
Error in rule subset_and_index_bam:
    jobid: 20
    output: ../../../data/bams/pool9/P9a_D50_PreMac_141022.bam.bai
    shell:
        
		set +o pipefail;
		/software/teamtrynka/conda/trynka-base/bin/samtools index -@ 32 ../../../data/bams/pool9/merged_P9a_D50_PreMac_141022.bam
        /software/teamtrynka/conda/trynka-base/bin/samtools view -@ 32 -b ../../../data/bams/pool9/merged_P9a_D50_PreMac_141022.bam chr{1..22} chrX > ../../../data/bams/P9a_D50_PreMac_141022.bam
		/software/teamtrynka/conda/trynka-base/bin/samtools index -@ 32 ../../../data/bams/pool9/P9a_D50_PreMac_141022.bam ../../../data/bams/pool9/P9a_D50_PreMac_141022.bam.bai

		
        (exited with non-zero exit code)
    cluster_jobid: Job <42596215> is submitted to queue <normal>.

Error executing rule subset_and_index_bam on cluster (jobid: 20, external: Job <42596215> is submitted to queue <normal>., jobscript: /lustre/scratch123/hgi/mdt1/projects/otar2065/OTAR2065_WGS_iPSC_premac_micro/code/OTAR2065_WGS_iPSC_premac_micro/pool9/.snakemake/tmp.w5ccjy7i/snakejob.subset_and_index_bam.20.sh). For error details see the cluster log and the log files of the involved rule(s).
[Sat Dec 23 20:02:39 2023]
Error in rule subset_and_index_bam:
    jobid: 18
    output: ../../../data/bams/pool9/P9a_D39_PreMac_031022.bam.bai
    shell:
        
		set +o pipefail;
		/software/teamtrynka/conda/trynka-base/bin/samtools index -@ 32 ../../../data/bams/pool9/merged_P9a_D39_PreMac_031022.bam
        /software/teamtrynka/conda/trynka-base/bin/samtools view -@ 32 -b ../../../data/bams/pool9/merged_P9a_D39_PreMac_031022.bam chr{1..22} chrX > ../../../data/bams/P9a_D39_PreMac_031022.bam
		/software/teamtrynka/conda/trynka-base/bin/samtools index -@ 32 ../../../data/bams/pool9/P9a_D39_PreMac_031022.bam ../../../data/bams/pool9/P9a_D39_PreMac_031022.bam.bai

		
        (exited with non-zero exit code)
    cluster_jobid: Job <42598783> is submitted to queue <normal>.

Error executing rule subset_and_index_bam on cluster (jobid: 18, external: Job <42598783> is submitted to queue <normal>., jobscript: /lustre/scratch123/hgi/mdt1/projects/otar2065/OTAR2065_WGS_iPSC_premac_micro/code/OTAR2065_WGS_iPSC_premac_micro/pool9/.snakemake/tmp.w5ccjy7i/snakejob.subset_and_index_bam.18.sh). For error details see the cluster log and the log files of the involved rule(s).
[Sat Dec 23 20:04:59 2023]
Error in rule subset_and_index_bam:
    jobid: 19
    output: ../../../data/bams/pool9/P9a_D0_iPSC_190822.bam.bai
    shell:
        
		set +o pipefail;
		/software/teamtrynka/conda/trynka-base/bin/samtools index -@ 32 ../../../data/bams/pool9/merged_P9a_D0_iPSC_190822.bam
        /software/teamtrynka/conda/trynka-base/bin/samtools view -@ 32 -b ../../../data/bams/pool9/merged_P9a_D0_iPSC_190822.bam chr{1..22} chrX > ../../../data/bams/P9a_D0_iPSC_190822.bam
		/software/teamtrynka/conda/trynka-base/bin/samtools index -@ 32 ../../../data/bams/pool9/P9a_D0_iPSC_190822.bam ../../../data/bams/pool9/P9a_D0_iPSC_190822.bam.bai

		
        (exited with non-zero exit code)
    cluster_jobid: Job <42597657> is submitted to queue <normal>.

Error executing rule subset_and_index_bam on cluster (jobid: 19, external: Job <42597657> is submitted to queue <normal>., jobscript: /lustre/scratch123/hgi/mdt1/projects/otar2065/OTAR2065_WGS_iPSC_premac_micro/code/OTAR2065_WGS_iPSC_premac_micro/pool9/.snakemake/tmp.w5ccjy7i/snakejob.subset_and_index_bam.19.sh). For error details see the cluster log and the log files of the involved rule(s).
[Sat Dec 23 20:06:19 2023]
Error in rule subset_and_index_bam:
    jobid: 21
    output: ../../../data/bams/pool9/P9a_D35_PreMac_290922.bam.bai
    shell:
        
		set +o pipefail;
		/software/teamtrynka/conda/trynka-base/bin/samtools index -@ 32 ../../../data/bams/pool9/merged_P9a_D35_PreMac_290922.bam
        /software/teamtrynka/conda/trynka-base/bin/samtools view -@ 32 -b ../../../data/bams/pool9/merged_P9a_D35_PreMac_290922.bam chr{1..22} chrX > ../../../data/bams/P9a_D35_PreMac_290922.bam
		/software/teamtrynka/conda/trynka-base/bin/samtools index -@ 32 ../../../data/bams/pool9/P9a_D35_PreMac_290922.bam ../../../data/bams/pool9/P9a_D35_PreMac_290922.bam.bai

		
        (exited with non-zero exit code)
    cluster_jobid: Job <42597704> is submitted to queue <normal>.

Error executing rule subset_and_index_bam on cluster (jobid: 21, external: Job <42597704> is submitted to queue <normal>., jobscript: /lustre/scratch123/hgi/mdt1/projects/otar2065/OTAR2065_WGS_iPSC_premac_micro/code/OTAR2065_WGS_iPSC_premac_micro/pool9/.snakemake/tmp.w5ccjy7i/snakejob.subset_and_index_bam.21.sh). For error details see the cluster log and the log files of the involved rule(s).
Shutting down, this might take some time.
Exiting because a job execution failed. Look above for error message
Complete log: /lustre/scratch123/hgi/mdt1/projects/otar2065/OTAR2065_WGS_iPSC_premac_micro/code/OTAR2065_WGS_iPSC_premac_micro/pool9/.snakemake/log/2023-12-23T191505.596565.snakemake.log
