Building DAG of jobs...
Using shell: /usr/local/bin/bash
Provided cluster nodes: 100
Job counts:
	count	jobs
	1	all
	4	calculate_b_estimate_MAD
	4	count_alleles
	4	estimate_weights
	1	get_region_list
	14

[Thu Nov 16 15:00:56 2023]
Job 13: Getting region list for bam-readcount.

Submitted job 13 with external jobid 'Job <38406019> is submitted to queue <normal>.'.
[Thu Nov 16 15:09:47 2023]
Finished job 13.
1 of 14 steps (7%) done

[Thu Nov 16 15:09:47 2023]
Job 10: Counting alleles with bam-readcount.

Submitted job 10 with external jobid 'Job <38406268> is submitted to queue <normal>.'.

[Thu Nov 16 15:09:47 2023]
Job 12: Counting alleles with bam-readcount.

Submitted job 12 with external jobid 'Job <38406270> is submitted to queue <normal>.'.

[Thu Nov 16 15:09:47 2023]
Job 11: Counting alleles with bam-readcount.

Submitted job 11 with external jobid 'Job <38406271> is submitted to queue <normal>.'.

[Thu Nov 16 15:09:48 2023]
Job 9: Counting alleles with bam-readcount.

Submitted job 9 with external jobid 'Job <38406273> is submitted to queue <normal>.'.
[Fri Nov 17 00:11:25 2023]
Finished job 12.
2 of 14 steps (14%) done

[Fri Nov 17 00:11:25 2023]
Job 8: Transforming bam-readcount output to MAF estimate (b_estimate) and VCF to minor allele dosage.

Submitted job 8 with external jobid 'Job <38422553> is submitted to queue <normal>.'.
[Fri Nov 17 00:27:46 2023]
Finished job 11.
3 of 14 steps (21%) done

[Fri Nov 17 00:27:46 2023]
Job 7: Transforming bam-readcount output to MAF estimate (b_estimate) and VCF to minor allele dosage.

Submitted job 7 with external jobid 'Job <38422941> is submitted to queue <normal>.'.
[Fri Nov 17 00:40:27 2023]
Finished job 9.
4 of 14 steps (29%) done

[Fri Nov 17 00:40:27 2023]
Job 5: Transforming bam-readcount output to MAF estimate (b_estimate) and VCF to minor allele dosage.

Submitted job 5 with external jobid 'Job <38423022> is submitted to queue <normal>.'.
[Fri Nov 17 00:54:28 2023]
Finished job 10.
5 of 14 steps (36%) done

[Fri Nov 17 00:54:28 2023]
Job 6: Transforming bam-readcount output to MAF estimate (b_estimate) and VCF to minor allele dosage.

Submitted job 6 with external jobid 'Job <38423439> is submitted to queue <normal>.'.
[Fri Nov 17 00:55:18 2023]
Finished job 8.
6 of 14 steps (43%) done

[Fri Nov 17 00:55:18 2023]
Job 4: Estimate proportion (weights) of donors.

Submitted job 4 with external jobid 'Job <38423446> is submitted to queue <normal>.'.
[Fri Nov 17 00:55:48 2023]
Finished job 7.
7 of 14 steps (50%) done

[Fri Nov 17 00:55:48 2023]
Job 3: Estimate proportion (weights) of donors.

Submitted job 3 with external jobid 'Job <38423451> is submitted to queue <normal>.'.
[Fri Nov 17 01:04:09 2023]
Finished job 4.
8 of 14 steps (57%) done
[Fri Nov 17 01:04:19 2023]
Finished job 3.
9 of 14 steps (64%) done
[Fri Nov 17 01:28:20 2023]
Finished job 5.
10 of 14 steps (71%) done

[Fri Nov 17 01:28:20 2023]
Job 1: Estimate proportion (weights) of donors.

Submitted job 1 with external jobid 'Job <38425945> is submitted to queue <normal>.'.
[Fri Nov 17 01:31:10 2023]
Finished job 6.
11 of 14 steps (79%) done

[Fri Nov 17 01:31:10 2023]
Job 2: Estimate proportion (weights) of donors.

Submitted job 2 with external jobid 'Job <38426008> is submitted to queue <normal>.'.
[Fri Nov 17 01:39:20 2023]
Finished job 1.
12 of 14 steps (86%) done
[Fri Nov 17 01:41:00 2023]
Finished job 2.
13 of 14 steps (93%) done

[Fri Nov 17 01:41:00 2023]
localrule all:
    input: ../../../data/w/pool11/pool11_day0_iPSC_w_estimate.txt, ../../../data/w/pool11/pool11_day49_preMAC_w_estimate.txt, ../../../data/w/pool11/pool11_day39_preMAC_w_estimate.txt, ../../../data/w/pool11/pool11_day35_preMAC_w_estimate.txt
    jobid: 0

[Fri Nov 17 01:41:00 2023]
Finished job 0.
14 of 14 steps (100%) done
Complete log: /lustre/scratch123/hgi/mdt1/projects/otar2065/OTAR2065_WGS_iPSC_premac_micro/code/OTAR2065_WGS_iPSC_premac_micro/pool11/.snakemake/log/2023-11-16T150055.966920.snakemake.log
