Building DAG of jobs...
Using shell: /usr/local/bin/bash
Provided cluster nodes: 100
Job counts:
	count	jobs
	1	all
	4	remove_dups_sort_bam
	4	subset_and_index_bam
	9

[Thu Nov 16 12:24:13 2023]
Job 7: Indexing bams.

Submitted job 7 with external jobid 'Job <38399214> is submitted to queue <normal>.'.

[Thu Nov 16 12:24:13 2023]
Job 6: Indexing bams.

Submitted job 6 with external jobid 'Job <38399215> is submitted to queue <normal>.'.

[Thu Nov 16 12:24:13 2023]
Job 8: Indexing bams.

Submitted job 8 with external jobid 'Job <38399216> is submitted to queue <normal>.'.

[Thu Nov 16 12:24:14 2023]
Job 5: Indexing bams.

Submitted job 5 with external jobid 'Job <38399217> is submitted to queue <normal>.'.
[Thu Nov 16 13:12:45 2023]
Finished job 8.
1 of 9 steps (11%) done

[Thu Nov 16 13:12:45 2023]
Job 4: Remove duplicates with picard, and sort.

Submitted job 4 with external jobid 'Job <38400762> is submitted to queue <normal>.'.
[Thu Nov 16 13:14:45 2023]
Finished job 5.
2 of 9 steps (22%) done

[Thu Nov 16 13:14:45 2023]
Job 1: Remove duplicates with picard, and sort.

Submitted job 1 with external jobid 'Job <38400774> is submitted to queue <normal>.'.
[Thu Nov 16 13:16:56 2023]
Finished job 6.
3 of 9 steps (33%) done

[Thu Nov 16 13:16:56 2023]
Job 2: Remove duplicates with picard, and sort.

Submitted job 2 with external jobid 'Job <38400829> is submitted to queue <normal>.'.
[Thu Nov 16 13:23:16 2023]
Finished job 7.
4 of 9 steps (44%) done

[Thu Nov 16 13:23:16 2023]
Job 3: Remove duplicates with picard, and sort.

Submitted job 3 with external jobid 'Job <38400911> is submitted to queue <normal>.'.
[Thu Nov 16 13:57:38 2023]
Finished job 2.
5 of 9 steps (56%) done
[Thu Nov 16 14:01:38 2023]
Finished job 3.
6 of 9 steps (67%) done
[Thu Nov 16 14:14:19 2023]
Finished job 1.
7 of 9 steps (78%) done
[Thu Nov 16 14:58:01 2023]
Finished job 4.
8 of 9 steps (89%) done

[Thu Nov 16 14:58:01 2023]
localrule all:
    input: ../../../data/bams_nodups/pool11/pool11_day0_iPSC.bam.bai, ../../../data/bams_nodups/pool11/pool11_day49_preMAC.bam.bai, ../../../data/bams_nodups/pool11/pool11_day39_preMAC.bam.bai, ../../../data/bams_nodups/pool11/pool11_day35_preMAC.bam.bai
    jobid: 0

[Thu Nov 16 14:58:01 2023]
Finished job 0.
9 of 9 steps (100%) done
Complete log: /lustre/scratch123/hgi/mdt1/projects/otar2065/OTAR2065_WGS_iPSC_premac_micro/code/OTAR2065_WGS_iPSC_premac_micro/pool11/.snakemake/log/2023-11-16T122412.703862.snakemake.log
