Building DAG of jobs...
Using shell: /usr/local/bin/bash
Provided cluster nodes: 100
Job counts:
	count	jobs
	1	all
	2	merge_lanes
	4	subset_and_index_bam
	7

[Wed Nov 15 23:44:11 2023]
Job 3: Indexing bams.

Submitted job 3 with external jobid 'Job <38369642> is submitted to queue <normal>.'.

[Wed Nov 15 23:44:11 2023]
Job 8: Merging lanes.

Submitted job 8 with external jobid 'Job <38369645> is submitted to queue <normal>.'.

[Wed Nov 15 23:44:11 2023]
Job 6: Merging lanes.

Submitted job 6 with external jobid 'Job <38369647> is submitted to queue <normal>.'.

[Wed Nov 15 23:44:12 2023]
Job 1: Indexing bams.

Submitted job 1 with external jobid 'Job <38369648> is submitted to queue <normal>.'.
[Wed Nov 15 23:44:21 2023]
Error in rule merge_lanes:
    jobid: 8
    output: ../../../data/bams/pool11/merged_pool11_day35_preMAC.bam
    shell:
        
        set +o pipefail;

        /software/teamtrynka/conda/trynka-base/bin/samtools merge         --threads 16         ../../../data/bams/pool11/pool11_day35_preMAC_tmp.bam ../../../data/bams/pool11/pool11_day35_preMAC_L001.bam ../../../data/bams/pool11/pool11_day35_preMAC_L002.bam

        /software/teamtrynka/conda/trynka-base/bin/samtools sort         --threads 16         -o ../../../data/bams/pool11/merged_pool11_day35_preMAC.bam ../../../data/bams/pool11/pool11_day35_preMAC_tmp.bam

        rm ../../../data/bams/pool11/pool11_day35_preMAC_tmp.bam

        
        (exited with non-zero exit code)
    cluster_jobid: Job <38369645> is submitted to queue <normal>.

Error executing rule merge_lanes on cluster (jobid: 8, external: Job <38369645> is submitted to queue <normal>., jobscript: /lustre/scratch123/hgi/mdt1/projects/otar2065/OTAR2065_WGS_iPSC_premac_micro/code/OTAR2065_WGS_iPSC_premac_micro/pool11/.snakemake/tmp.010ojm4y/snakejob.merge_lanes.8.sh). For error details see the cluster log and the log files of the involved rule(s).
[Wed Nov 15 23:51:11 2023]
Finished job 6.
1 of 7 steps (14%) done
[Thu Nov 16 00:20:23 2023]
Error in rule subset_and_index_bam:
    jobid: 1
    output: ../../../data/bams/pool11/pool11_day0_iPSC.bam.bai
    shell:
        
		set +o pipefail;
		/software/teamtrynka/conda/trynka-base/bin/samtools index -@ 32 ../../../data/bams/pool11/merged_pool11_day0_iPSC.bam
        /software/teamtrynka/conda/trynka-base/bin/samtools view -@ 32 -b ../../../data/bams/pool11/merged_pool11_day0_iPSC.bam chr{1..22} chrX > ../../../data/bams/pool11/pool11_day0_iPSC_temp.bam
        mv ../../../data/bams/pool11/pool11_day0_iPSC_temp.bam ../../../data/bams/pool11_day0_iPSC.bam
		/software/teamtrynka/conda/trynka-base/bin/samtools index -@ 32 ../../../data/bams/pool11/pool11_day0_iPSC.bam ../../../data/bams/pool11/pool11_day0_iPSC.bam.bai

		
        (exited with non-zero exit code)
    cluster_jobid: Job <38369648> is submitted to queue <normal>.

Error executing rule subset_and_index_bam on cluster (jobid: 1, external: Job <38369648> is submitted to queue <normal>., jobscript: /lustre/scratch123/hgi/mdt1/projects/otar2065/OTAR2065_WGS_iPSC_premac_micro/code/OTAR2065_WGS_iPSC_premac_micro/pool11/.snakemake/tmp.010ojm4y/snakejob.subset_and_index_bam.1.sh). For error details see the cluster log and the log files of the involved rule(s).
[Thu Nov 16 00:24:03 2023]
Error in rule subset_and_index_bam:
    jobid: 3
    output: ../../../data/bams/pool11/pool11_day39_preMAC.bam.bai
    shell:
        
		set +o pipefail;
		/software/teamtrynka/conda/trynka-base/bin/samtools index -@ 32 ../../../data/bams/pool11/merged_pool11_day39_preMAC.bam
        /software/teamtrynka/conda/trynka-base/bin/samtools view -@ 32 -b ../../../data/bams/pool11/merged_pool11_day39_preMAC.bam chr{1..22} chrX > ../../../data/bams/pool11/pool11_day39_preMAC_temp.bam
        mv ../../../data/bams/pool11/pool11_day39_preMAC_temp.bam ../../../data/bams/pool11_day39_preMAC.bam
		/software/teamtrynka/conda/trynka-base/bin/samtools index -@ 32 ../../../data/bams/pool11/pool11_day39_preMAC.bam ../../../data/bams/pool11/pool11_day39_preMAC.bam.bai

		
        (exited with non-zero exit code)
    cluster_jobid: Job <38369642> is submitted to queue <normal>.

Error executing rule subset_and_index_bam on cluster (jobid: 3, external: Job <38369642> is submitted to queue <normal>., jobscript: /lustre/scratch123/hgi/mdt1/projects/otar2065/OTAR2065_WGS_iPSC_premac_micro/code/OTAR2065_WGS_iPSC_premac_micro/pool11/.snakemake/tmp.010ojm4y/snakejob.subset_and_index_bam.3.sh). For error details see the cluster log and the log files of the involved rule(s).
Shutting down, this might take some time.
Exiting because a job execution failed. Look above for error message
Complete log: /lustre/scratch123/hgi/mdt1/projects/otar2065/OTAR2065_WGS_iPSC_premac_micro/code/OTAR2065_WGS_iPSC_premac_micro/pool11/.snakemake/log/2023-11-15T234411.089935.snakemake.log
