Building DAG of jobs...
Using shell: /usr/local/bin/bash
Provided cluster nodes: 100
Job stats:
job                         count
------------------------  -------
all                             1
calculate_b_estimate_MAD        8
count_alleles                   8
estimate_weights                8
total                          25

Select jobs to execute...

[Sun Nov 10 23:02:31 2024]
Job 39: Counting alleles with bam-readcount.
Reason: Params have changed since last execution

Submitted job 39 with external jobid 'Job <910823> is submitted to queue <long>.'.

[Sun Nov 10 23:02:31 2024]
Job 11: Counting alleles with bam-readcount.
Reason: Missing output files: ../../../data/bam-readcount/pool5/P5_Mig15_UNT_seeded_bam-readcount.txt.gz

Submitted job 11 with external jobid 'Job <910824> is submitted to queue <long>.'.

[Sun Nov 10 23:02:32 2024]
Job 25: Counting alleles with bam-readcount.
Reason: Missing output files: ../../../data/bam-readcount/pool5/P2-IV_D60_PreMac_051121_bam-readcount.txt.gz

Submitted job 25 with external jobid 'Job <910825> is submitted to queue <long>.'.

[Sun Nov 10 23:02:32 2024]
Job 53: Counting alleles with bam-readcount.
Reason: Missing output files: ../../../data/bam-readcount/pool5/P5_Mig15_LPS_seeded_bam-readcount.txt.gz

Submitted job 53 with external jobid 'Job <910826> is submitted to queue <long>.'.

[Sun Nov 10 23:02:32 2024]
Job 46: Counting alleles with bam-readcount.
Reason: Params have changed since last execution

Submitted job 46 with external jobid 'Job <910827> is submitted to queue <long>.'.

[Sun Nov 10 23:02:32 2024]
Job 32: Counting alleles with bam-readcount.
Reason: Missing output files: ../../../data/bam-readcount/pool5/P2-IV_D28_PreMac_041021_bam-readcount.txt.gz

Submitted job 32 with external jobid 'Job <910828> is submitted to queue <long>.'.

[Sun Nov 10 23:02:33 2024]
Job 3: Counting alleles with bam-readcount.
Reason: Missing output files: ../../../data/bam-readcount/pool5/P5_Mig15_IFN_seeded_bam-readcount.txt.gz

Submitted job 3 with external jobid 'Job <910829> is submitted to queue <long>.'.

[Sun Nov 10 23:02:33 2024]
Job 18: Counting alleles with bam-readcount.
Reason: Missing output files: ../../../data/bam-readcount/pool5/P5_D42_PreMac_160522_bam-readcount.txt.gz

Submitted job 18 with external jobid 'Job <910830> is submitted to queue <long>.'.
[Mon Nov 11 08:26:01 2024]
Finished job 46.
1 of 25 steps (4%) done
Select jobs to execute...

[Mon Nov 11 08:26:01 2024]
Job 45: Transforming bam-readcount output to MAF estimate (b_estimate) and VCF to minor allele dosage.
Reason: Input files updated by another job: ../../../data/bam-readcount/pool5/P5_D50_PreMac_240522_bam-readcount.txt.gz

Submitted job 45 with external jobid 'Job <913898> is submitted to queue <normal>.'.
[Mon Nov 11 08:55:55 2024]
Finished job 45.
2 of 25 steps (8%) done
Select jobs to execute...

[Mon Nov 11 08:55:55 2024]
Job 44: Estimate proportion (weights) of donors.
Reason: Input files updated by another job: ../../../data/genotypes/pool5/P5_D50_PreMac_240522_genotype_minor_allele_dosage.csv, ../../../data/b/pool5/P5_D50_PreMac_240522_b_estimate.csv

Submitted job 44 with external jobid 'Job <914149> is submitted to queue <normal>.'.
[Mon Nov 11 08:57:45 2024]
Finished job 44.
3 of 25 steps (12%) done
[Mon Nov 11 09:00:16 2024]
Finished job 39.
4 of 25 steps (16%) done
Select jobs to execute...

[Mon Nov 11 09:00:16 2024]
Job 38: Transforming bam-readcount output to MAF estimate (b_estimate) and VCF to minor allele dosage.
Reason: Input files updated by another job: ../../../data/bam-readcount/pool5/P2-IV_D84_PreMac_291121_bam-readcount.txt.gz

Submitted job 38 with external jobid 'Job <914154> is submitted to queue <normal>.'.
[Mon Nov 11 09:29:48 2024]
Finished job 38.
5 of 25 steps (20%) done
Select jobs to execute...

[Mon Nov 11 09:29:48 2024]
Job 37: Estimate proportion (weights) of donors.
Reason: Input files updated by another job: ../../../data/b/pool5/P2-IV_D84_PreMac_291121_b_estimate.csv, ../../../data/genotypes/pool5/P2-IV_D84_PreMac_291121_genotype_minor_allele_dosage.csv

Submitted job 37 with external jobid 'Job <914257> is submitted to queue <normal>.'.
[Mon Nov 11 09:31:29 2024]
Finished job 37.
6 of 25 steps (24%) done
[Mon Nov 11 17:06:20 2024]
Finished job 18.
7 of 25 steps (28%) done
Select jobs to execute...

[Mon Nov 11 17:06:20 2024]
Job 17: Transforming bam-readcount output to MAF estimate (b_estimate) and VCF to minor allele dosage.
Reason: Missing output files: ../../../data/genotypes/pool5/P5_D42_PreMac_160522_genotype_minor_allele_dosage.csv, ../../../data/b/pool5/P5_D42_PreMac_160522_b_estimate.csv; Input files updated by another job: ../../../data/bam-readcount/pool5/P5_D42_PreMac_160522_bam-readcount.txt.gz

Submitted job 17 with external jobid 'Job <985168> is submitted to queue <normal>.'.
[Mon Nov 11 17:42:12 2024]
Finished job 32.
8 of 25 steps (32%) done
Select jobs to execute...

[Mon Nov 11 17:42:12 2024]
Job 31: Transforming bam-readcount output to MAF estimate (b_estimate) and VCF to minor allele dosage.
Reason: Missing output files: ../../../data/b/pool5/P2-IV_D28_PreMac_041021_b_estimate.csv, ../../../data/genotypes/pool5/P2-IV_D28_PreMac_041021_genotype_minor_allele_dosage.csv; Input files updated by another job: ../../../data/bam-readcount/pool5/P2-IV_D28_PreMac_041021_bam-readcount.txt.gz

Submitted job 31 with external jobid 'Job <995213> is submitted to queue <normal>.'.
[Mon Nov 11 17:46:42 2024]
Finished job 17.
9 of 25 steps (36%) done
Select jobs to execute...

[Mon Nov 11 17:46:42 2024]
Job 16: Estimate proportion (weights) of donors.
Reason: Missing output files: ../../../data/w/pool5/P5_D42_PreMac_160522_w_estimate.txt; Input files updated by another job: ../../../data/genotypes/pool5/P5_D42_PreMac_160522_genotype_minor_allele_dosage.csv, ../../../data/b/pool5/P5_D42_PreMac_160522_b_estimate.csv

Submitted job 16 with external jobid 'Job <996059> is submitted to queue <normal>.'.
[Mon Nov 11 17:48:52 2024]
Finished job 16.
10 of 25 steps (40%) done
[Mon Nov 11 18:19:54 2024]
Finished job 31.
11 of 25 steps (44%) done
Select jobs to execute...

[Mon Nov 11 18:19:55 2024]
Job 30: Estimate proportion (weights) of donors.
Reason: Missing output files: ../../../data/w/pool5/P2-IV_D28_PreMac_041021_w_estimate.txt; Input files updated by another job: ../../../data/b/pool5/P2-IV_D28_PreMac_041021_b_estimate.csv, ../../../data/genotypes/pool5/P2-IV_D28_PreMac_041021_genotype_minor_allele_dosage.csv

Submitted job 30 with external jobid 'Job <5702> is submitted to queue <normal>.'.
[Mon Nov 11 18:21:45 2024]
Finished job 30.
12 of 25 steps (48%) done
[Mon Nov 11 20:10:22 2024]
Finished job 53.
13 of 25 steps (52%) done
Select jobs to execute...

[Mon Nov 11 20:10:22 2024]
Job 52: Transforming bam-readcount output to MAF estimate (b_estimate) and VCF to minor allele dosage.
Reason: Missing output files: ../../../data/genotypes/pool5/P5_Mig15_LPS_seeded_genotype_minor_allele_dosage.csv, ../../../data/b/pool5/P5_Mig15_LPS_seeded_b_estimate.csv; Input files updated by another job: ../../../data/bam-readcount/pool5/P5_Mig15_LPS_seeded_bam-readcount.txt.gz

Submitted job 52 with external jobid 'Job <30761> is submitted to queue <normal>.'.
[Mon Nov 11 20:17:13 2024]
Finished job 3.
14 of 25 steps (56%) done
Select jobs to execute...

[Mon Nov 11 20:17:13 2024]
Job 2: Transforming bam-readcount output to MAF estimate (b_estimate) and VCF to minor allele dosage.
Reason: Missing output files: ../../../data/genotypes/pool5/P5_Mig15_IFN_seeded_genotype_minor_allele_dosage.csv, ../../../data/b/pool5/P5_Mig15_IFN_seeded_b_estimate.csv; Input files updated by another job: ../../../data/bam-readcount/pool5/P5_Mig15_IFN_seeded_bam-readcount.txt.gz

Submitted job 2 with external jobid 'Job <32119> is submitted to queue <normal>.'.
[Mon Nov 11 20:56:05 2024]
Finished job 52.
15 of 25 steps (60%) done
Select jobs to execute...

[Mon Nov 11 20:56:05 2024]
Job 51: Estimate proportion (weights) of donors.
Reason: Missing output files: ../../../data/w/pool5/P5_Mig15_LPS_seeded_w_estimate.txt; Input files updated by another job: ../../../data/genotypes/pool5/P5_Mig15_LPS_seeded_genotype_minor_allele_dosage.csv, ../../../data/b/pool5/P5_Mig15_LPS_seeded_b_estimate.csv

Submitted job 51 with external jobid 'Job <37747> is submitted to queue <normal>.'.
[Mon Nov 11 20:58:05 2024]
Finished job 51.
16 of 25 steps (64%) done
[Mon Nov 11 21:10:16 2024]
Finished job 2.
17 of 25 steps (68%) done
Select jobs to execute...

[Mon Nov 11 21:10:16 2024]
Job 1: Estimate proportion (weights) of donors.
Reason: Missing output files: ../../../data/w/pool5/P5_Mig15_IFN_seeded_w_estimate.txt; Input files updated by another job: ../../../data/genotypes/pool5/P5_Mig15_IFN_seeded_genotype_minor_allele_dosage.csv, ../../../data/b/pool5/P5_Mig15_IFN_seeded_b_estimate.csv

Submitted job 1 with external jobid 'Job <39699> is submitted to queue <normal>.'.
[Mon Nov 11 21:11:26 2024]
Finished job 1.
18 of 25 steps (72%) done
[Mon Nov 11 21:49:28 2024]
Finished job 11.
19 of 25 steps (76%) done
Select jobs to execute...

[Mon Nov 11 21:49:28 2024]
Job 10: Transforming bam-readcount output to MAF estimate (b_estimate) and VCF to minor allele dosage.
Reason: Missing output files: ../../../data/b/pool5/P5_Mig15_UNT_seeded_b_estimate.csv, ../../../data/genotypes/pool5/P5_Mig15_UNT_seeded_genotype_minor_allele_dosage.csv; Input files updated by another job: ../../../data/bam-readcount/pool5/P5_Mig15_UNT_seeded_bam-readcount.txt.gz

Submitted job 10 with external jobid 'Job <46379> is submitted to queue <normal>.'.
[Mon Nov 11 21:58:59 2024]
Finished job 25.
20 of 25 steps (80%) done
Select jobs to execute...

[Mon Nov 11 21:58:59 2024]
Job 24: Transforming bam-readcount output to MAF estimate (b_estimate) and VCF to minor allele dosage.
Reason: Missing output files: ../../../data/b/pool5/P2-IV_D60_PreMac_051121_b_estimate.csv, ../../../data/genotypes/pool5/P2-IV_D60_PreMac_051121_genotype_minor_allele_dosage.csv; Input files updated by another job: ../../../data/bam-readcount/pool5/P2-IV_D60_PreMac_051121_bam-readcount.txt.gz

Submitted job 24 with external jobid 'Job <47878> is submitted to queue <normal>.'.
[Mon Nov 11 22:21:30 2024]
Finished job 10.
21 of 25 steps (84%) done
Select jobs to execute...

[Mon Nov 11 22:21:30 2024]
Job 9: Estimate proportion (weights) of donors.
Reason: Missing output files: ../../../data/w/pool5/P5_Mig15_UNT_seeded_w_estimate.txt; Input files updated by another job: ../../../data/b/pool5/P5_Mig15_UNT_seeded_b_estimate.csv, ../../../data/genotypes/pool5/P5_Mig15_UNT_seeded_genotype_minor_allele_dosage.csv

Submitted job 9 with external jobid 'Job <51268> is submitted to queue <normal>.'.
[Mon Nov 11 22:25:20 2024]
Finished job 9.
22 of 25 steps (88%) done
[Mon Nov 11 22:30:50 2024]
Finished job 24.
23 of 25 steps (92%) done
Select jobs to execute...

[Mon Nov 11 22:30:50 2024]
Job 23: Estimate proportion (weights) of donors.
Reason: Missing output files: ../../../data/w/pool5/P2-IV_D60_PreMac_051121_w_estimate.txt; Input files updated by another job: ../../../data/b/pool5/P2-IV_D60_PreMac_051121_b_estimate.csv, ../../../data/genotypes/pool5/P2-IV_D60_PreMac_051121_genotype_minor_allele_dosage.csv

Submitted job 23 with external jobid 'Job <52530> is submitted to queue <normal>.'.
[Mon Nov 11 22:35:11 2024]
Finished job 23.
24 of 25 steps (96%) done
Select jobs to execute...

[Mon Nov 11 22:35:11 2024]
localrule all:
    input: ../../../data/w/pool5/P5_Mig15_IFN_seeded_w_estimate.txt, ../../../data/w/pool5/P5_Mig15_UNT_seeded_w_estimate.txt, ../../../data/w/pool5/P5_D42_PreMac_160522_w_estimate.txt, ../../../data/w/pool5/P2-IV_D60_PreMac_051121_w_estimate.txt, ../../../data/w/pool5/P2-IV_D28_PreMac_041021_w_estimate.txt, ../../../data/w/pool5/P2-IV_D84_PreMac_291121_w_estimate.txt, ../../../data/w/pool5/P5_D50_PreMac_240522_w_estimate.txt, ../../../data/w/pool5/P5_Mig15_LPS_seeded_w_estimate.txt
    jobid: 0
    reason: Input files updated by another job: ../../../data/w/pool5/P5_D50_PreMac_240522_w_estimate.txt, ../../../data/w/pool5/P2-IV_D84_PreMac_291121_w_estimate.txt, ../../../data/w/pool5/P5_D42_PreMac_160522_w_estimate.txt, ../../../data/w/pool5/P5_Mig15_IFN_seeded_w_estimate.txt, ../../../data/w/pool5/P2-IV_D28_PreMac_041021_w_estimate.txt, ../../../data/w/pool5/P5_Mig15_LPS_seeded_w_estimate.txt, ../../../data/w/pool5/P2-IV_D60_PreMac_051121_w_estimate.txt, ../../../data/w/pool5/P5_Mig15_UNT_seeded_w_estimate.txt
    resources: mem_mb=1000, mem_mib=954, disk_mb=1000, disk_mib=954, tmpdir=/tmp

[Mon Nov 11 22:35:11 2024]
Finished job 0.
25 of 25 steps (100%) done
Complete log: .snakemake/log/2024-11-10T230229.066941.snakemake.log
