Building DAG of jobs...
Using shell: /usr/local/bin/bash
Provided cluster nodes: 100
Job counts:
	count	jobs
	1	all
	1	subset_donors_vcf_ipmar
	2

[Tue Dec  5 20:29:14 2023]
Job 1: Subsetting donors present in the metadata file per chromosome, before merging.

Submitted job 1 with external jobid 'Job <40484891> is submitted to queue <normal>.'.
[Tue Dec  5 20:38:45 2023]
Finished job 1.
1 of 2 steps (50%) done

[Tue Dec  5 20:38:45 2023]
localrule all:
    input: ../../data/pool_14/pool_14_ipmar.genotype.hg38.vcf.gz
    jobid: 0

[Tue Dec  5 20:38:45 2023]
Finished job 0.
2 of 2 steps (100%) done
Complete log: /lustre/scratch123/hgi/mdt1/projects/otar2065/hipsci_genotype_processing/code/pool14/.snakemake/log/2023-12-05T202914.254281.snakemake.log
