Building DAG of jobs...
Using shell: /usr/local/bin/bash
Provided cluster nodes: 100
Job counts:
	count	jobs
	1	all
	1	subset_variants
	2

[Sat Dec 23 11:20:50 2023]
Job 1: Subsetting to variants that have non-identical genotypes across donors. Do conda activate otar2065 first. Run with snakemake --jobs 3 --cluster [comma] bsub -G teamtrynka -q normal -n 1 -M160000 -R'span[hosts=1] select[mem>160000] rusage[mem=160000]' -o ../../logs/log_pool_14_subset_variants_WGS.%J.%I -e ../../errors/error_pool_14_subset_variants_WGS.%J.%I [comma]

Submitted job 1 with external jobid 'Job <42520552> is submitted to queue <normal>.'.
[Sat Dec 23 12:19:04 2023]
Finished job 1.
1 of 2 steps (50%) done

[Sat Dec 23 12:19:04 2023]
localrule all:
    input: ../../data/pool_14/pool_14.merged.genotype.nonIdentical.hg38.vcf.gz
    jobid: 0

[Sat Dec 23 12:19:04 2023]
Finished job 0.
2 of 2 steps (100%) done
Complete log: /lustre/scratch123/hgi/mdt1/projects/otar2065/hipsci_genotype_processing/code/pool14/.snakemake/log/2023-12-23T112050.218932.snakemake.log
