Building DAG of jobs...
Using shell: /usr/local/bin/bash
Provided cluster nodes: 100
Job counts:
	count	jobs
	1	all
	1	subset_hipsci_pool_14
	1	subset_ipmar_pool_14
	3

[Tue Dec  5 15:12:23 2023]
Job 2: Extracting donors present in the pools.

Submitted job 2 with external jobid 'Job <40457882> is submitted to queue <normal>.'.

[Tue Dec  5 15:12:24 2023]
Job 1: Extracting donors present in the pools. Run with snakemake --jobs 100 --cluster [comma] bsub -G teamtrynka -q normal -n 2 -M10000 -R'span[hosts=1] select[mem>10000] rusage[mem=10000]' -o ../../logs/log_pool_donor_ids.%J.%I -e ../../errors/error_pool_donor_ids.%J.%I [comma]

Submitted job 1 with external jobid 'Job <40457884> is submitted to queue <normal>.'.
[Tue Dec  5 15:12:33 2023]
Finished job 2.
1 of 3 steps (33%) done
[Tue Dec  5 15:12:43 2023]
Error in rule subset_hipsci_pool_14:
    jobid: 1
    output: ../../data/pool_14/pool_14_hipsci_donorIds.txt
    shell:
        
        echo "Subsetting file names to merge, from all hipsci files available looking at the metadata IDs"
        detectedDonors="../../data/pool_14/pool_14_hipsci_donorNames.txt"
        cat ../../data/sampleMetadata.txt | grep -w pool_14_hipsci | awk '{print $3}' | tr ';' '
' > $detectedDonors
        while read ptn; do grep -w $ptn ../../data/donor_id_match.txt | awk '{print $2}' | tr ';' '
' ; done < $detectedDonors > ../../data/pool_14/pool_14_donorIds.txt
        
        
        (exited with non-zero exit code)
    cluster_jobid: Job <40457884> is submitted to queue <normal>.

Error executing rule subset_hipsci_pool_14 on cluster (jobid: 1, external: Job <40457884> is submitted to queue <normal>., jobscript: /lustre/scratch123/hgi/mdt1/projects/otar2065/hipsci_genotype_processing/code/pool14/.snakemake/tmp.exykexkl/snakejob.subset_hipsci_pool_14.1.sh). For error details see the cluster log and the log files of the involved rule(s).
Shutting down, this might take some time.
Exiting because a job execution failed. Look above for error message
Complete log: /lustre/scratch123/hgi/mdt1/projects/otar2065/hipsci_genotype_processing/code/pool14/.snakemake/log/2023-12-05T151223.450569.snakemake.log
