Building DAG of jobs...
Using shell: /usr/local/bin/bash
Provided cluster nodes: 100
Job stats:
job                         count
------------------------  -------
all                             1
calculate_b_estimate_MAD        2
count_alleles                   2
estimate_weights                2
total                           7

Select jobs to execute...

[Mon Nov 11 07:01:29 2024]
Job 11: Counting alleles with bam-readcount.
Reason: Missing output files: ../../../data/bam-readcount/pool2/P2-IV_D0_iPSC_310821_bam-readcount.txt.gz

Submitted job 11 with external jobid 'Job <912220> is submitted to queue <long>.'.

[Mon Nov 11 07:01:29 2024]
Job 3: Counting alleles with bam-readcount.
Reason: Params have changed since last execution

Submitted job 3 with external jobid 'Job <912221> is submitted to queue <long>.'.
[Mon Nov 11 15:15:03 2024]
Finished job 3.
1 of 7 steps (14%) done
Select jobs to execute...

[Mon Nov 11 15:15:03 2024]
Job 2: Transforming bam-readcount output to MAF estimate (b_estimate) and VCF to minor allele dosage.
Reason: Input files updated by another job: ../../../data/bam-readcount/pool2/P2-III_D0_iPSC_300521_bam-readcount.txt.gz

Submitted job 2 with external jobid 'Job <955141> is submitted to queue <normal>.'.
[Mon Nov 11 15:49:45 2024]
Finished job 2.
2 of 7 steps (29%) done
Select jobs to execute...

[Mon Nov 11 15:49:45 2024]
Job 1: Estimate proportion (weights) of donors.
Reason: Input files updated by another job: ../../../data/b/pool2/P2-III_D0_iPSC_300521_b_estimate.csv, ../../../data/genotypes/pool2/P2-III_D0_iPSC_300521_genotype_minor_allele_dosage.csv

Submitted job 1 with external jobid 'Job <962658> is submitted to queue <normal>.'.
[Mon Nov 11 15:54:45 2024]
Finished job 1.
3 of 7 steps (43%) done
[Mon Nov 11 22:04:17 2024]
Finished job 11.
4 of 7 steps (57%) done
Select jobs to execute...

[Mon Nov 11 22:04:17 2024]
Job 10: Transforming bam-readcount output to MAF estimate (b_estimate) and VCF to minor allele dosage.
Reason: Missing output files: ../../../data/genotypes/pool2/P2-IV_D0_iPSC_310821_genotype_minor_allele_dosage.csv, ../../../data/b/pool2/P2-IV_D0_iPSC_310821_b_estimate.csv; Input files updated by another job: ../../../data/bam-readcount/pool2/P2-IV_D0_iPSC_310821_bam-readcount.txt.gz

Submitted job 10 with external jobid 'Job <48692> is submitted to queue <normal>.'.
[Mon Nov 11 22:41:59 2024]
Finished job 10.
5 of 7 steps (71%) done
Select jobs to execute...

[Mon Nov 11 22:41:59 2024]
Job 9: Estimate proportion (weights) of donors.
Reason: Missing output files: ../../../data/w/pool2/P2-IV_D0_iPSC_310821_w_estimate.txt; Input files updated by another job: ../../../data/genotypes/pool2/P2-IV_D0_iPSC_310821_genotype_minor_allele_dosage.csv, ../../../data/b/pool2/P2-IV_D0_iPSC_310821_b_estimate.csv

Submitted job 9 with external jobid 'Job <54245> is submitted to queue <normal>.'.
[Mon Nov 11 22:47:39 2024]
Finished job 9.
6 of 7 steps (86%) done
Select jobs to execute...

[Mon Nov 11 22:47:39 2024]
localrule all:
    input: ../../../data/w/pool2/P2-III_D0_iPSC_300521_w_estimate.txt, ../../../data/w/pool2/P2-IV_D0_iPSC_310821_w_estimate.txt
    jobid: 0
    reason: Input files updated by another job: ../../../data/w/pool2/P2-IV_D0_iPSC_310821_w_estimate.txt, ../../../data/w/pool2/P2-III_D0_iPSC_300521_w_estimate.txt
    resources: mem_mb=1000, mem_mib=954, disk_mb=1000, disk_mib=954, tmpdir=/tmp

[Mon Nov 11 22:47:39 2024]
Finished job 0.
7 of 7 steps (100%) done
Complete log: .snakemake/log/2024-11-11T070125.380472.snakemake.log
