Building DAG of jobs...
Using shell: /usr/local/bin/bash
Provided cluster nodes: 100
Job counts:
	count	jobs
	1	all
	4	calculate_b_estimate_MAD
	4	count_alleles
	4	estimate_weights
	4	remove_dups_sort_bam
	4	subset_and_index_bam
	21

[Sun Dec 31 17:28:32 2023]
Job 19: Indexing bams.

Submitted job 19 with external jobid 'Job <43496974> is submitted to queue <normal>.'.

[Sun Dec 31 17:28:32 2023]
Job 21: Indexing bams.

Submitted job 21 with external jobid 'Job <43496975> is submitted to queue <normal>.'.

[Sun Dec 31 17:28:33 2023]
Job 18: Indexing bams.

Submitted job 18 with external jobid 'Job <43496976> is submitted to queue <normal>.'.

[Sun Dec 31 17:28:33 2023]
Job 20: Indexing bams.

Submitted job 20 with external jobid 'Job <43496977> is submitted to queue <normal>.'.
[Tue Jan  2 11:24:47 2024]
Finished job 20.
1 of 21 steps (5%) done

[Tue Jan  2 11:24:47 2024]
Job 16: Remove duplicates with picard, and sort.

Submitted job 16 with external jobid 'Job <43510079> is submitted to queue <normal>.'.
[Tue Jan  2 11:27:07 2024]
Finished job 19.
2 of 21 steps (10%) done

[Tue Jan  2 11:27:07 2024]
Job 15: Remove duplicates with picard, and sort.

Submitted job 15 with external jobid 'Job <43510142> is submitted to queue <normal>.'.
[Tue Jan  2 11:27:47 2024]
Finished job 18.
3 of 21 steps (14%) done

[Tue Jan  2 11:27:47 2024]
Job 14: Remove duplicates with picard, and sort.

Submitted job 14 with external jobid 'Job <43510153> is submitted to queue <normal>.'.
[Tue Jan  2 11:29:47 2024]
Finished job 21.
4 of 21 steps (19%) done

[Tue Jan  2 11:29:47 2024]
Job 17: Remove duplicates with picard, and sort.

Submitted job 17 with external jobid 'Job <43510200> is submitted to queue <normal>.'.
[Tue Jan  2 11:59:09 2024]
Finished job 16.
5 of 21 steps (24%) done

[Tue Jan  2 11:59:09 2024]
Job 11: Counting alleles with bam-readcount.

Submitted job 11 with external jobid 'Job <43510635> is submitted to queue <normal>.'.
[Tue Jan  2 12:02:09 2024]
Finished job 15.
6 of 21 steps (29%) done

[Tue Jan  2 12:02:09 2024]
Job 10: Counting alleles with bam-readcount.

Submitted job 10 with external jobid 'Job <43510954> is submitted to queue <normal>.'.
[Tue Jan  2 12:06:19 2024]
Finished job 14.
7 of 21 steps (33%) done

[Tue Jan  2 12:06:19 2024]
Job 9: Counting alleles with bam-readcount.

Submitted job 9 with external jobid 'Job <43511360> is submitted to queue <normal>.'.
[Tue Jan  2 12:11:00 2024]
Finished job 17.
8 of 21 steps (38%) done

[Tue Jan  2 12:11:00 2024]
Job 12: Counting alleles with bam-readcount.

Submitted job 12 with external jobid 'Job <43512368> is submitted to queue <normal>.'.
[Tue Jan  2 17:45:09 2024]
Finished job 10.
9 of 21 steps (43%) done

[Tue Jan  2 17:45:09 2024]
Job 6: Transforming bam-readcount output to MAF estimate (b_estimate) and VCF to minor allele dosage.

Submitted job 6 with external jobid 'Job <43664593> is submitted to queue <normal>.'.
[Tue Jan  2 17:48:00 2024]
Finished job 11.
10 of 21 steps (48%) done

[Tue Jan  2 17:48:00 2024]
Job 7: Transforming bam-readcount output to MAF estimate (b_estimate) and VCF to minor allele dosage.

Submitted job 7 with external jobid 'Job <43666550> is submitted to queue <normal>.'.
[Tue Jan  2 18:01:10 2024]
Finished job 6.
11 of 21 steps (52%) done

[Tue Jan  2 18:01:10 2024]
Job 2: Estimate proportion (weights) of donors.

Submitted job 2 with external jobid 'Job <43669257> is submitted to queue <normal>.'.
[Tue Jan  2 18:02:51 2024]
Finished job 2.
12 of 21 steps (57%) done
[Tue Jan  2 18:04:31 2024]
Finished job 7.
13 of 21 steps (62%) done

[Tue Jan  2 18:04:31 2024]
Job 3: Estimate proportion (weights) of donors.

Submitted job 3 with external jobid 'Job <43669921> is submitted to queue <normal>.'.
[Tue Jan  2 18:05:51 2024]
Finished job 3.
14 of 21 steps (67%) done
[Tue Jan  2 18:19:12 2024]
Finished job 9.
15 of 21 steps (71%) done

[Tue Jan  2 18:19:12 2024]
Job 5: Transforming bam-readcount output to MAF estimate (b_estimate) and VCF to minor allele dosage.

Submitted job 5 with external jobid 'Job <43671217> is submitted to queue <normal>.'.
[Tue Jan  2 18:19:22 2024]
Finished job 12.
16 of 21 steps (76%) done

[Tue Jan  2 18:19:22 2024]
Job 8: Transforming bam-readcount output to MAF estimate (b_estimate) and VCF to minor allele dosage.

Submitted job 8 with external jobid 'Job <43671227> is submitted to queue <normal>.'.
[Tue Jan  2 18:34:43 2024]
Finished job 8.
17 of 21 steps (81%) done

[Tue Jan  2 18:34:43 2024]
Job 4: Estimate proportion (weights) of donors.

Submitted job 4 with external jobid 'Job <43673279> is submitted to queue <normal>.'.
[Tue Jan  2 18:35:03 2024]
Finished job 5.
18 of 21 steps (86%) done

[Tue Jan  2 18:35:03 2024]
Job 1: Estimate proportion (weights) of donors.

Submitted job 1 with external jobid 'Job <43673304> is submitted to queue <normal>.'.
[Tue Jan  2 18:36:13 2024]
Finished job 4.
19 of 21 steps (90%) done
[Tue Jan  2 18:36:23 2024]
Finished job 1.
20 of 21 steps (95%) done

[Tue Jan  2 18:36:23 2024]
localrule all:
    input: ../../../data/w/pool14/P14_D0_iPSC_270623_w_estimate.txt, ../../../data/w/pool14/P14_D39_PreMac_110823_w_estimate.txt, ../../../data/w/pool14/P14_D36_PreMac_080823_w_estimate.txt, ../../../data/w/pool14/P14_D49_PreMac_210823_w_estimate.txt
    jobid: 0

[Tue Jan  2 18:36:23 2024]
Finished job 0.
21 of 21 steps (100%) done
Complete log: /lustre/scratch123/hgi/mdt1/projects/otar2065/OTAR2065_WGS_iPSC_premac_micro/code/OTAR2065_WGS_iPSC_premac_micro/pool14/.snakemake/log/2023-12-31T172832.179606.snakemake.log
