Building DAG of jobs...
Using shell: /usr/local/bin/bash
Provided cluster nodes: 100
Job counts:
	count	jobs
	1	all
	4	merge_lanes
	4	subset_and_index_bam
	9

[Wed Nov 15 23:45:51 2023]
Job 8: Merging lanes.

Submitted job 8 with external jobid 'Job <38369818> is submitted to queue <normal>.'.

[Wed Nov 15 23:45:51 2023]
Job 5: Merging lanes.

Submitted job 5 with external jobid 'Job <38369820> is submitted to queue <normal>.'.

[Wed Nov 15 23:45:51 2023]
Job 6: Merging lanes.

Submitted job 6 with external jobid 'Job <38369821> is submitted to queue <normal>.'.

[Wed Nov 15 23:45:52 2023]
Job 7: Merging lanes.

Submitted job 7 with external jobid 'Job <38369822> is submitted to queue <normal>.'.
[Wed Nov 15 23:52:51 2023]
Finished job 8.
1 of 9 steps (11%) done

[Wed Nov 15 23:52:51 2023]
Job 4: Indexing bams.

Submitted job 4 with external jobid 'Job <38371040> is submitted to queue <normal>.'.
[Wed Nov 15 23:53:41 2023]
Finished job 5.
2 of 9 steps (22%) done

[Wed Nov 15 23:53:41 2023]
Job 1: Indexing bams.

Submitted job 1 with external jobid 'Job <38371087> is submitted to queue <normal>.'.
[Wed Nov 15 23:54:01 2023]
Finished job 6.
3 of 9 steps (33%) done

[Wed Nov 15 23:54:01 2023]
Job 2: Indexing bams.

Submitted job 2 with external jobid 'Job <38371100> is submitted to queue <normal>.'.
[Wed Nov 15 23:54:21 2023]
Finished job 7.
4 of 9 steps (44%) done

[Wed Nov 15 23:54:21 2023]
Job 3: Indexing bams.

Submitted job 3 with external jobid 'Job <38371105> is submitted to queue <normal>.'.
[Thu Nov 16 00:29:23 2023]
Finished job 2.
5 of 9 steps (56%) done
[Thu Nov 16 00:31:03 2023]
Finished job 1.
6 of 9 steps (67%) done
[Thu Nov 16 00:32:13 2023]
Finished job 4.
7 of 9 steps (78%) done
[Thu Nov 16 00:32:13 2023]
Finished job 3.
8 of 9 steps (89%) done

[Thu Nov 16 00:32:13 2023]
localrule all:
    input: ../../../data/bams/pool13/pool13_day35_preMAC.bam.bai, ../../../data/bams/pool13/pool13_day50_preMAC.bam.bai, ../../../data/bams/pool13/pool13_day43_preMAC.bam.bai, ../../../data/bams/pool13/pool13_day0_iPSC.bam.bai
    jobid: 0

[Thu Nov 16 00:32:13 2023]
Finished job 0.
9 of 9 steps (100%) done
Complete log: /lustre/scratch123/hgi/mdt1/projects/otar2065/OTAR2065_WGS_iPSC_premac_micro/code/OTAR2065_WGS_iPSC_premac_micro/pool13/.snakemake/log/2023-11-15T234550.405640.snakemake.log
