Building DAG of jobs...
Using shell: /usr/local/bin/bash
Provided cluster nodes: 100
Job counts:
	count	jobs
	1	all
	4	calculate_b_estimate_MAD
	4	count_alleles
	4	estimate_weights
	1	get_region_list
	14

[Thu Nov 16 10:25:43 2023]
Job 13: Getting region list for bam-readcount.

Submitted job 13 with external jobid 'Job <38386871> is submitted to queue <normal>.'.
[Thu Nov 16 10:25:53 2023]
Error in rule get_region_list:
    jobid: 13
    output: ../../../data/genotypes/pool13/pool13_genotype.txt
    shell:
        
		/software/teamtrynka/conda/otar2065/bin/Rscript 1.Create_region_list_bam-readcount.R ../../../data/genotypes/pool13/pool13.merged.genotype.nonIdentical.hg38.vcf.gz ../../../data/genotypes/pool13/pool13_genotype.txt
		
        (exited with non-zero exit code)
    cluster_jobid: Job <38386871> is submitted to queue <normal>.

Error executing rule get_region_list on cluster (jobid: 13, external: Job <38386871> is submitted to queue <normal>., jobscript: /lustre/scratch123/hgi/mdt1/projects/otar2065/OTAR2065_WGS_iPSC_premac_micro/code/OTAR2065_WGS_iPSC_premac_micro/pool13/.snakemake/tmp.heujd5j2/snakejob.get_region_list.13.sh). For error details see the cluster log and the log files of the involved rule(s).
Shutting down, this might take some time.
Exiting because a job execution failed. Look above for error message
Complete log: /lustre/scratch123/hgi/mdt1/projects/otar2065/OTAR2065_WGS_iPSC_premac_micro/code/OTAR2065_WGS_iPSC_premac_micro/pool13/.snakemake/log/2023-11-16T102542.603755.snakemake.log
